ERROR - 2025-12-11 15:05:13 --> Error connecting to the database: mysqli_sql_exception: Access denied for user 'biblioteca'@'localhost' (using password: NO) in C:\Users\HP\Desktop\Filipe\projecto1\leitura-direta\vendor\codeigniter4\framework\system\Database\MySQLi\Connection.php:201
Stack trace:
#0 C:\Users\HP\Desktop\Filipe\projecto1\leitura-direta\vendor\codeigniter4\framework\system\Database\MySQLi\Connection.php(201): mysqli->real_connect('localhost', 'biblioteca', Object(SensitiveParameterValue), 'ci4', 3306, '', 0)
#1 C:\Users\HP\Desktop\Filipe\projecto1\leitura-direta\vendor\codeigniter4\framework\system\Database\BaseConnection.php(419): CodeIgniter\Database\MySQLi\Connection->connect(false)
#2 C:\Users\HP\Desktop\Filipe\projecto1\leitura-direta\vendor\codeigniter4\framework\system\Database\BaseConnection.php(614): CodeIgniter\Database\BaseConnection->initialize()
#3 C:\Users\HP\Desktop\Filipe\projecto1\leitura-direta\vendor\codeigniter4\framework\system\Database\BaseConnection.php(1525): CodeIgniter\Database\BaseConnection->query('SHOW TABLES FRO...')
#4 C:\Users\HP\Desktop\Filipe\projecto1\leitura-direta\vendor\codeigniter4\framework\system\Database\BaseConnection.php(1545): CodeIgniter\Database\BaseConnection->listTables()
#5 C:\Users\HP\Desktop\Filipe\projecto1\leitura-direta\vendor\codeigniter4\framework\system\Database\MigrationRunner.php(768): CodeIgniter\Database\BaseConnection->tableExists('migrations')
#6 C:\Users\HP\Desktop\Filipe\projecto1\leitura-direta\vendor\codeigniter4\framework\system\Database\MigrationRunner.php(162): CodeIgniter\Database\MigrationRunner->ensureTable()
#7 C:\Users\HP\Desktop\Filipe\projecto1\leitura-direta\vendor\codeigniter4\framework\system\Commands\Database\Migrate.php(85): CodeIgniter\Database\MigrationRunner->latest(NULL)
#8 C:\Users\HP\Desktop\Filipe\projecto1\leitura-direta\vendor\codeigniter4\framework\system\CLI\Commands.php(74): CodeIgniter\Commands\Database\Migrate->run(Array)
#9 C:\Users\HP\Desktop\Filipe\projecto1\leitura-direta\vendor\codeigniter4\framework\system\CLI\Console.php(47): CodeIgniter\CLI\Commands->run('migrate', Array)
#10 C:\Users\HP\Desktop\Filipe\projecto1\leitura-direta\vendor\codeigniter4\framework\system\Boot.php(388): CodeIgniter\CLI\Console->run()
#11 C:\Users\HP\Desktop\Filipe\projecto1\leitura-direta\vendor\codeigniter4\framework\system\Boot.php(133): CodeIgniter\Boot::runCommand(Object(CodeIgniter\CLI\Console))
#12 C:\Users\HP\Desktop\Filipe\projecto1\leitura-direta\spark(87): CodeIgniter\Boot::bootSpark(Object(Config\Paths))
#13 {main}

Next CodeIgniter\Database\Exceptions\DatabaseException: Access denied for user '****'@'localhost' (using password: NO) in C:\Users\HP\Desktop\Filipe\projecto1\leitura-direta\vendor\codeigniter4\framework\system\Database\MySQLi\Connection.php:246
Stack trace:
#0 C:\Users\HP\Desktop\Filipe\projecto1\leitura-direta\vendor\codeigniter4\framework\system\Database\BaseConnection.php(419): CodeIgniter\Database\MySQLi\Connection->connect(false)
#1 C:\Users\HP\Desktop\Filipe\projecto1\leitura-direta\vendor\codeigniter4\framework\system\Database\BaseConnection.php(614): CodeIgniter\Database\BaseConnection->initialize()
#2 C:\Users\HP\Desktop\Filipe\projecto1\leitura-direta\vendor\codeigniter4\framework\system\Database\BaseConnection.php(1525): CodeIgniter\Database\BaseConnection->query('SHOW TABLES FRO...')
#3 C:\Users\HP\Desktop\Filipe\projecto1\leitura-direta\vendor\codeigniter4\framework\system\Database\BaseConnection.php(1545): CodeIgniter\Database\BaseConnection->listTables()
#4 C:\Users\HP\Desktop\Filipe\projecto1\leitura-direta\vendor\codeigniter4\framework\system\Database\MigrationRunner.php(768): CodeIgniter\Database\BaseConnection->tableExists('migrations')
#5 C:\Users\HP\Desktop\Filipe\projecto1\leitura-direta\vendor\codeigniter4\framework\system\Database\MigrationRunner.php(162): CodeIgniter\Database\MigrationRunner->ensureTable()
#6 C:\Users\HP\Desktop\Filipe\projecto1\leitura-direta\vendor\codeigniter4\framework\system\Commands\Database\Migrate.php(85): CodeIgniter\Database\MigrationRunner->latest(NULL)
#7 C:\Users\HP\Desktop\Filipe\projecto1\leitura-direta\vendor\codeigniter4\framework\system\CLI\Commands.php(74): CodeIgniter\Commands\Database\Migrate->run(Array)
#8 C:\Users\HP\Desktop\Filipe\projecto1\leitura-direta\vendor\codeigniter4\framework\system\CLI\Console.php(47): CodeIgniter\CLI\Commands->run('migrate', Array)
#9 C:\Users\HP\Desktop\Filipe\projecto1\leitura-direta\vendor\codeigniter4\framework\system\Boot.php(388): CodeIgniter\CLI\Console->run()
#10 C:\Users\HP\Desktop\Filipe\projecto1\leitura-direta\vendor\codeigniter4\framework\system\Boot.php(133): CodeIgniter\Boot::runCommand(Object(CodeIgniter\CLI\Console))
#11 C:\Users\HP\Desktop\Filipe\projecto1\leitura-direta\spark(87): CodeIgniter\Boot::bootSpark(Object(Config\Paths))
#12 {main}
ERROR - 2025-12-11 15:05:14 --> Error connecting to the database: mysqli_sql_exception: Access denied for user 'biblioteca'@'localhost' (using password: NO) in C:\Users\HP\Desktop\Filipe\projecto1\leitura-direta\vendor\codeigniter4\framework\system\Database\MySQLi\Connection.php:201
Stack trace:
#0 C:\Users\HP\Desktop\Filipe\projecto1\leitura-direta\vendor\codeigniter4\framework\system\Database\MySQLi\Connection.php(201): mysqli->real_connect('localhost', 'biblioteca', Object(SensitiveParameterValue), 'ci4', 3306, '', 0)
#1 C:\Users\HP\Desktop\Filipe\projecto1\leitura-direta\vendor\codeigniter4\framework\system\Database\BaseConnection.php(419): CodeIgniter\Database\MySQLi\Connection->connect(false)
#2 C:\Users\HP\Desktop\Filipe\projecto1\leitura-direta\vendor\codeigniter4\framework\system\Database\BaseConnection.php(614): CodeIgniter\Database\BaseConnection->initialize()
#3 C:\Users\HP\Desktop\Filipe\projecto1\leitura-direta\vendor\codeigniter4\framework\system\Database\BaseConnection.php(1525): CodeIgniter\Database\BaseConnection->query('SHOW TABLES FRO...')
#4 C:\Users\HP\Desktop\Filipe\projecto1\leitura-direta\vendor\codeigniter4\framework\system\Database\BaseConnection.php(1545): CodeIgniter\Database\BaseConnection->listTables()
#5 C:\Users\HP\Desktop\Filipe\projecto1\leitura-direta\vendor\codeigniter4\framework\system\Database\MigrationRunner.php(768): CodeIgniter\Database\BaseConnection->tableExists('migrations')
#6 C:\Users\HP\Desktop\Filipe\projecto1\leitura-direta\vendor\codeigniter4\framework\system\Database\MigrationRunner.php(162): CodeIgniter\Database\MigrationRunner->ensureTable()
#7 C:\Users\HP\Desktop\Filipe\projecto1\leitura-direta\vendor\codeigniter4\framework\system\Commands\Database\Migrate.php(85): CodeIgniter\Database\MigrationRunner->latest(NULL)
#8 C:\Users\HP\Desktop\Filipe\projecto1\leitura-direta\vendor\codeigniter4\framework\system\CLI\Commands.php(74): CodeIgniter\Commands\Database\Migrate->run(Array)
#9 C:\Users\HP\Desktop\Filipe\projecto1\leitura-direta\vendor\codeigniter4\framework\system\CLI\Console.php(47): CodeIgniter\CLI\Commands->run('migrate', Array)
#10 C:\Users\HP\Desktop\Filipe\projecto1\leitura-direta\vendor\codeigniter4\framework\system\Boot.php(388): CodeIgniter\CLI\Console->run()
#11 C:\Users\HP\Desktop\Filipe\projecto1\leitura-direta\vendor\codeigniter4\framework\system\Boot.php(133): CodeIgniter\Boot::runCommand(Object(CodeIgniter\CLI\Console))
#12 C:\Users\HP\Desktop\Filipe\projecto1\leitura-direta\spark(87): CodeIgniter\Boot::bootSpark(Object(Config\Paths))
#13 {main}

Next CodeIgniter\Database\Exceptions\DatabaseException: Access denied for user '****'@'localhost' (using password: NO) in C:\Users\HP\Desktop\Filipe\projecto1\leitura-direta\vendor\codeigniter4\framework\system\Database\MySQLi\Connection.php:246
Stack trace:
#0 C:\Users\HP\Desktop\Filipe\projecto1\leitura-direta\vendor\codeigniter4\framework\system\Database\BaseConnection.php(419): CodeIgniter\Database\MySQLi\Connection->connect(false)
#1 C:\Users\HP\Desktop\Filipe\projecto1\leitura-direta\vendor\codeigniter4\framework\system\Database\BaseConnection.php(614): CodeIgniter\Database\BaseConnection->initialize()
#2 C:\Users\HP\Desktop\Filipe\projecto1\leitura-direta\vendor\codeigniter4\framework\system\Database\BaseConnection.php(1525): CodeIgniter\Database\BaseConnection->query('SHOW TABLES FRO...')
#3 C:\Users\HP\Desktop\Filipe\projecto1\leitura-direta\vendor\codeigniter4\framework\system\Database\BaseConnection.php(1545): CodeIgniter\Database\BaseConnection->listTables()
#4 C:\Users\HP\Desktop\Filipe\projecto1\leitura-direta\vendor\codeigniter4\framework\system\Database\MigrationRunner.php(768): CodeIgniter\Database\BaseConnection->tableExists('migrations')
#5 C:\Users\HP\Desktop\Filipe\projecto1\leitura-direta\vendor\codeigniter4\framework\system\Database\MigrationRunner.php(162): CodeIgniter\Database\MigrationRunner->ensureTable()
#6 C:\Users\HP\Desktop\Filipe\projecto1\leitura-direta\vendor\codeigniter4\framework\system\Commands\Database\Migrate.php(85): CodeIgniter\Database\MigrationRunner->latest(NULL)
#7 C:\Users\HP\Desktop\Filipe\projecto1\leitura-direta\vendor\codeigniter4\framework\system\CLI\Commands.php(74): CodeIgniter\Commands\Database\Migrate->run(Array)
#8 C:\Users\HP\Desktop\Filipe\projecto1\leitura-direta\vendor\codeigniter4\framework\system\CLI\Console.php(47): CodeIgniter\CLI\Commands->run('migrate', Array)
#9 C:\Users\HP\Desktop\Filipe\projecto1\leitura-direta\vendor\codeigniter4\framework\system\Boot.php(388): CodeIgniter\CLI\Console->run()
#10 C:\Users\HP\Desktop\Filipe\projecto1\leitura-direta\vendor\codeigniter4\framework\system\Boot.php(133): CodeIgniter\Boot::runCommand(Object(CodeIgniter\CLI\Console))
#11 C:\Users\HP\Desktop\Filipe\projecto1\leitura-direta\spark(87): CodeIgniter\Boot::bootSpark(Object(Config\Paths))
#12 {main}
