ERROR - 2025-12-20 15:23:42 --> Error connecting to the database: mysqli_sql_exception: No connection could be made because the target machine actively refused it in C:\Users\Taremba\Desktop\PRO UZ\leitura-direta\vendor\codeigniter4\framework\system\Database\MySQLi\Connection.php:201
Stack trace:
#0 C:\Users\Taremba\Desktop\PRO UZ\leitura-direta\vendor\codeigniter4\framework\system\Database\MySQLi\Connection.php(201): mysqli->real_connect()
#1 C:\Users\Taremba\Desktop\PRO UZ\leitura-direta\vendor\codeigniter4\framework\system\Database\BaseConnection.php(419): CodeIgniter\Database\MySQLi\Connection->connect()
#2 C:\Users\Taremba\Desktop\PRO UZ\leitura-direta\vendor\codeigniter4\framework\system\Database\BaseConnection.php(614): CodeIgniter\Database\BaseConnection->initialize()
#3 C:\Users\Taremba\Desktop\PRO UZ\leitura-direta\vendor\codeigniter4\framework\system\Database\BaseBuilder.php(1649): CodeIgniter\Database\BaseConnection->query()
#4 C:\Users\Taremba\Desktop\PRO UZ\leitura-direta\vendor\codeigniter4\framework\system\Model.php(286): CodeIgniter\Database\BaseBuilder->get()
#5 C:\Users\Taremba\Desktop\PRO UZ\leitura-direta\vendor\codeigniter4\framework\system\BaseModel.php(677): CodeIgniter\Model->doFindAll()
#6 C:\Users\Taremba\Desktop\PRO UZ\leitura-direta\app\Models\BookModel.php(107): CodeIgniter\BaseModel->findAll()
#7 C:\Users\Taremba\Desktop\PRO UZ\leitura-direta\app\Controllers\Home.php(26): App\Models\BookModel->getActiveBooks()
#8 C:\Users\Taremba\Desktop\PRO UZ\leitura-direta\vendor\codeigniter4\framework\system\CodeIgniter.php(933): App\Controllers\Home->index()
#9 C:\Users\Taremba\Desktop\PRO UZ\leitura-direta\vendor\codeigniter4\framework\system\CodeIgniter.php(507): CodeIgniter\CodeIgniter->runController()
#10 C:\Users\Taremba\Desktop\PRO UZ\leitura-direta\vendor\codeigniter4\framework\system\CodeIgniter.php(354): CodeIgniter\CodeIgniter->handleRequest()
#11 C:\Users\Taremba\Desktop\PRO UZ\leitura-direta\vendor\codeigniter4\framework\system\Boot.php(363): CodeIgniter\CodeIgniter->run()
#12 C:\Users\Taremba\Desktop\PRO UZ\leitura-direta\vendor\codeigniter4\framework\system\Boot.php(68): CodeIgniter\Boot::runCodeIgniter()
#13 C:\Users\Taremba\Desktop\PRO UZ\leitura-direta\public\index.php(59): CodeIgniter\Boot::bootWeb()
#14 C:\Users\Taremba\Desktop\PRO UZ\leitura-direta\vendor\codeigniter4\framework\system\rewrite.php(44): require_once('...')
#15 {main}

Next CodeIgniter\Database\Exceptions\DatabaseException: No connection could be made because the target machine actively refused it in C:\Users\Taremba\Desktop\PRO UZ\leitura-direta\vendor\codeigniter4\framework\system\Database\MySQLi\Connection.php:246
Stack trace:
#0 C:\Users\Taremba\Desktop\PRO UZ\leitura-direta\vendor\codeigniter4\framework\system\Database\BaseConnection.php(419): CodeIgniter\Database\MySQLi\Connection->connect()
#1 C:\Users\Taremba\Desktop\PRO UZ\leitura-direta\vendor\codeigniter4\framework\system\Database\BaseConnection.php(614): CodeIgniter\Database\BaseConnection->initialize()
#2 C:\Users\Taremba\Desktop\PRO UZ\leitura-direta\vendor\codeigniter4\framework\system\Database\BaseBuilder.php(1649): CodeIgniter\Database\BaseConnection->query()
#3 C:\Users\Taremba\Desktop\PRO UZ\leitura-direta\vendor\codeigniter4\framework\system\Model.php(286): CodeIgniter\Database\BaseBuilder->get()
#4 C:\Users\Taremba\Desktop\PRO UZ\leitura-direta\vendor\codeigniter4\framework\system\BaseModel.php(677): CodeIgniter\Model->doFindAll()
#5 C:\Users\Taremba\Desktop\PRO UZ\leitura-direta\app\Models\BookModel.php(107): CodeIgniter\BaseModel->findAll()
#6 C:\Users\Taremba\Desktop\PRO UZ\leitura-direta\app\Controllers\Home.php(26): App\Models\BookModel->getActiveBooks()
#7 C:\Users\Taremba\Desktop\PRO UZ\leitura-direta\vendor\codeigniter4\framework\system\CodeIgniter.php(933): App\Controllers\Home->index()
#8 C:\Users\Taremba\Desktop\PRO UZ\leitura-direta\vendor\codeigniter4\framework\system\CodeIgniter.php(507): CodeIgniter\CodeIgniter->runController()
#9 C:\Users\Taremba\Desktop\PRO UZ\leitura-direta\vendor\codeigniter4\framework\system\CodeIgniter.php(354): CodeIgniter\CodeIgniter->handleRequest()
#10 C:\Users\Taremba\Desktop\PRO UZ\leitura-direta\vendor\codeigniter4\framework\system\Boot.php(363): CodeIgniter\CodeIgniter->run()
#11 C:\Users\Taremba\Desktop\PRO UZ\leitura-direta\vendor\codeigniter4\framework\system\Boot.php(68): CodeIgniter\Boot::runCodeIgniter()
#12 C:\Users\Taremba\Desktop\PRO UZ\leitura-direta\public\index.php(59): CodeIgniter\Boot::bootWeb()
#13 C:\Users\Taremba\Desktop\PRO UZ\leitura-direta\vendor\codeigniter4\framework\system\rewrite.php(44): require_once('...')
#14 {main}
CRITICAL - 2025-12-20 15:23:42 --> CodeIgniter\Database\Exceptions\DatabaseException: Unable to connect to the database.
Main connection [MySQLi]: No connection could be made because the target machine actively refused it
[Method: GET, Route: /]
in SYSTEMPATH\Database\BaseConnection.php on line 465.
 1 SYSTEMPATH\Database\BaseConnection.php(614): CodeIgniter\Database\BaseConnection->initialize()
 2 SYSTEMPATH\Database\BaseBuilder.php(1649): CodeIgniter\Database\BaseConnection->query()
 3 SYSTEMPATH\Model.php(286): CodeIgniter\Database\BaseBuilder->get()
 4 SYSTEMPATH\BaseModel.php(677): CodeIgniter\Model->doFindAll()
 5 APPPATH\Models\BookModel.php(107): CodeIgniter\BaseModel->findAll()
 6 APPPATH\Controllers\Home.php(26): App\Models\BookModel->getActiveBooks()
 7 SYSTEMPATH\CodeIgniter.php(933): App\Controllers\Home->index()
 8 SYSTEMPATH\CodeIgniter.php(507): CodeIgniter\CodeIgniter->runController()
 9 SYSTEMPATH\CodeIgniter.php(354): CodeIgniter\CodeIgniter->handleRequest()
10 SYSTEMPATH\Boot.php(363): CodeIgniter\CodeIgniter->run()
11 SYSTEMPATH\Boot.php(68): CodeIgniter\Boot::runCodeIgniter()
12 FCPATH\index.php(59): CodeIgniter\Boot::bootWeb()
13 SYSTEMPATH\rewrite.php(44): require_once('C:\\Users\\Taremba\\Desktop\\PRO UZ\\leitura-direta\\public\\index.php')
ERROR - 2025-12-20 15:24:41 --> Error connecting to the database: mysqli_sql_exception: No connection could be made because the target machine actively refused it in C:\Users\Taremba\Desktop\PRO UZ\leitura-direta\vendor\codeigniter4\framework\system\Database\MySQLi\Connection.php:201
Stack trace:
#0 C:\Users\Taremba\Desktop\PRO UZ\leitura-direta\vendor\codeigniter4\framework\system\Database\MySQLi\Connection.php(201): mysqli->real_connect()
#1 C:\Users\Taremba\Desktop\PRO UZ\leitura-direta\vendor\codeigniter4\framework\system\Database\BaseConnection.php(419): CodeIgniter\Database\MySQLi\Connection->connect()
#2 C:\Users\Taremba\Desktop\PRO UZ\leitura-direta\vendor\codeigniter4\framework\system\Database\BaseConnection.php(614): CodeIgniter\Database\BaseConnection->initialize()
#3 C:\Users\Taremba\Desktop\PRO UZ\leitura-direta\vendor\codeigniter4\framework\system\Database\BaseBuilder.php(1649): CodeIgniter\Database\BaseConnection->query()
#4 C:\Users\Taremba\Desktop\PRO UZ\leitura-direta\vendor\codeigniter4\framework\system\Model.php(286): CodeIgniter\Database\BaseBuilder->get()
#5 C:\Users\Taremba\Desktop\PRO UZ\leitura-direta\vendor\codeigniter4\framework\system\BaseModel.php(677): CodeIgniter\Model->doFindAll()
#6 C:\Users\Taremba\Desktop\PRO UZ\leitura-direta\app\Models\BookModel.php(107): CodeIgniter\BaseModel->findAll()
#7 C:\Users\Taremba\Desktop\PRO UZ\leitura-direta\app\Controllers\Home.php(26): App\Models\BookModel->getActiveBooks()
#8 C:\Users\Taremba\Desktop\PRO UZ\leitura-direta\vendor\codeigniter4\framework\system\CodeIgniter.php(933): App\Controllers\Home->index()
#9 C:\Users\Taremba\Desktop\PRO UZ\leitura-direta\vendor\codeigniter4\framework\system\CodeIgniter.php(507): CodeIgniter\CodeIgniter->runController()
#10 C:\Users\Taremba\Desktop\PRO UZ\leitura-direta\vendor\codeigniter4\framework\system\CodeIgniter.php(354): CodeIgniter\CodeIgniter->handleRequest()
#11 C:\Users\Taremba\Desktop\PRO UZ\leitura-direta\vendor\codeigniter4\framework\system\Boot.php(363): CodeIgniter\CodeIgniter->run()
#12 C:\Users\Taremba\Desktop\PRO UZ\leitura-direta\vendor\codeigniter4\framework\system\Boot.php(68): CodeIgniter\Boot::runCodeIgniter()
#13 C:\Users\Taremba\Desktop\PRO UZ\leitura-direta\public\index.php(59): CodeIgniter\Boot::bootWeb()
#14 C:\Users\Taremba\Desktop\PRO UZ\leitura-direta\vendor\codeigniter4\framework\system\rewrite.php(44): require_once('...')
#15 {main}

Next CodeIgniter\Database\Exceptions\DatabaseException: No connection could be made because the target machine actively refused it in C:\Users\Taremba\Desktop\PRO UZ\leitura-direta\vendor\codeigniter4\framework\system\Database\MySQLi\Connection.php:246
Stack trace:
#0 C:\Users\Taremba\Desktop\PRO UZ\leitura-direta\vendor\codeigniter4\framework\system\Database\BaseConnection.php(419): CodeIgniter\Database\MySQLi\Connection->connect()
#1 C:\Users\Taremba\Desktop\PRO UZ\leitura-direta\vendor\codeigniter4\framework\system\Database\BaseConnection.php(614): CodeIgniter\Database\BaseConnection->initialize()
#2 C:\Users\Taremba\Desktop\PRO UZ\leitura-direta\vendor\codeigniter4\framework\system\Database\BaseBuilder.php(1649): CodeIgniter\Database\BaseConnection->query()
#3 C:\Users\Taremba\Desktop\PRO UZ\leitura-direta\vendor\codeigniter4\framework\system\Model.php(286): CodeIgniter\Database\BaseBuilder->get()
#4 C:\Users\Taremba\Desktop\PRO UZ\leitura-direta\vendor\codeigniter4\framework\system\BaseModel.php(677): CodeIgniter\Model->doFindAll()
#5 C:\Users\Taremba\Desktop\PRO UZ\leitura-direta\app\Models\BookModel.php(107): CodeIgniter\BaseModel->findAll()
#6 C:\Users\Taremba\Desktop\PRO UZ\leitura-direta\app\Controllers\Home.php(26): App\Models\BookModel->getActiveBooks()
#7 C:\Users\Taremba\Desktop\PRO UZ\leitura-direta\vendor\codeigniter4\framework\system\CodeIgniter.php(933): App\Controllers\Home->index()
#8 C:\Users\Taremba\Desktop\PRO UZ\leitura-direta\vendor\codeigniter4\framework\system\CodeIgniter.php(507): CodeIgniter\CodeIgniter->runController()
#9 C:\Users\Taremba\Desktop\PRO UZ\leitura-direta\vendor\codeigniter4\framework\system\CodeIgniter.php(354): CodeIgniter\CodeIgniter->handleRequest()
#10 C:\Users\Taremba\Desktop\PRO UZ\leitura-direta\vendor\codeigniter4\framework\system\Boot.php(363): CodeIgniter\CodeIgniter->run()
#11 C:\Users\Taremba\Desktop\PRO UZ\leitura-direta\vendor\codeigniter4\framework\system\Boot.php(68): CodeIgniter\Boot::runCodeIgniter()
#12 C:\Users\Taremba\Desktop\PRO UZ\leitura-direta\public\index.php(59): CodeIgniter\Boot::bootWeb()
#13 C:\Users\Taremba\Desktop\PRO UZ\leitura-direta\vendor\codeigniter4\framework\system\rewrite.php(44): require_once('...')
#14 {main}
CRITICAL - 2025-12-20 15:24:41 --> CodeIgniter\Database\Exceptions\DatabaseException: Unable to connect to the database.
Main connection [MySQLi]: No connection could be made because the target machine actively refused it
[Method: GET, Route: /]
in SYSTEMPATH\Database\BaseConnection.php on line 465.
 1 SYSTEMPATH\Database\BaseConnection.php(614): CodeIgniter\Database\BaseConnection->initialize()
 2 SYSTEMPATH\Database\BaseBuilder.php(1649): CodeIgniter\Database\BaseConnection->query()
 3 SYSTEMPATH\Model.php(286): CodeIgniter\Database\BaseBuilder->get()
 4 SYSTEMPATH\BaseModel.php(677): CodeIgniter\Model->doFindAll()
 5 APPPATH\Models\BookModel.php(107): CodeIgniter\BaseModel->findAll()
 6 APPPATH\Controllers\Home.php(26): App\Models\BookModel->getActiveBooks()
 7 SYSTEMPATH\CodeIgniter.php(933): App\Controllers\Home->index()
 8 SYSTEMPATH\CodeIgniter.php(507): CodeIgniter\CodeIgniter->runController()
 9 SYSTEMPATH\CodeIgniter.php(354): CodeIgniter\CodeIgniter->handleRequest()
10 SYSTEMPATH\Boot.php(363): CodeIgniter\CodeIgniter->run()
11 SYSTEMPATH\Boot.php(68): CodeIgniter\Boot::runCodeIgniter()
12 FCPATH\index.php(59): CodeIgniter\Boot::bootWeb()
13 SYSTEMPATH\rewrite.php(44): require_once('C:\\Users\\Taremba\\Desktop\\PRO UZ\\leitura-direta\\public\\index.php')
CRITICAL - 2025-12-20 15:33:43 --> ErrorException: Undefined variable $title
[Method: GET, Route: teste]
in APPPATH\Views\layout\layout_base.php on line 4.
 1 APPPATH\Views\layout\layout_base.php(4): CodeIgniter\Debug\Exceptions->errorHandler()
 2 SYSTEMPATH\View\View.php(226): include('C:\\Users\\Taremba\\Desktop\\PRO UZ\\leitura-direta\\app\\Views\\layout\\layout_base.php')
 3 SYSTEMPATH\View\View.php(229): CodeIgniter\View\View->CodeIgniter\View\{closure}()
 4 SYSTEMPATH\Common.php(1167): CodeIgniter\View\View->render()
 5 APPPATH\Controllers\Home.php(63): view()
 6 SYSTEMPATH\CodeIgniter.php(933): App\Controllers\Home->teste()
 7 SYSTEMPATH\CodeIgniter.php(507): CodeIgniter\CodeIgniter->runController()
 8 SYSTEMPATH\CodeIgniter.php(354): CodeIgniter\CodeIgniter->handleRequest()
 9 SYSTEMPATH\Boot.php(363): CodeIgniter\CodeIgniter->run()
10 SYSTEMPATH\Boot.php(68): CodeIgniter\Boot::runCodeIgniter()
11 FCPATH\index.php(59): CodeIgniter\Boot::bootWeb()
12 SYSTEMPATH\rewrite.php(44): require_once('C:\\Users\\Taremba\\Desktop\\PRO UZ\\leitura-direta\\public\\index.php')
CRITICAL - 2025-12-20 15:33:43 --> ErrorException: Undefined variable $title
[Method: GET, Route: teste]
in APPPATH\Views\layout\layout_base.php on line 4.
 1 APPPATH\Views\layout\layout_base.php(4): CodeIgniter\Debug\Exceptions->errorHandler()
 2 SYSTEMPATH\View\View.php(226): include('C:\\Users\\Taremba\\Desktop\\PRO UZ\\leitura-direta\\app\\Views\\layout\\layout_base.php')
 3 SYSTEMPATH\View\View.php(229): CodeIgniter\View\View->CodeIgniter\View\{closure}()
 4 SYSTEMPATH\Common.php(1167): CodeIgniter\View\View->render()
 5 APPPATH\Controllers\Home.php(63): view()
 6 SYSTEMPATH\CodeIgniter.php(933): App\Controllers\Home->teste()
 7 SYSTEMPATH\CodeIgniter.php(507): CodeIgniter\CodeIgniter->runController()
 8 SYSTEMPATH\CodeIgniter.php(354): CodeIgniter\CodeIgniter->handleRequest()
 9 SYSTEMPATH\Boot.php(363): CodeIgniter\CodeIgniter->run()
10 SYSTEMPATH\Boot.php(68): CodeIgniter\Boot::runCodeIgniter()
11 FCPATH\index.php(59): CodeIgniter\Boot::bootWeb()
12 SYSTEMPATH\rewrite.php(44): require_once('C:\\Users\\Taremba\\Desktop\\PRO UZ\\leitura-direta\\public\\index.php')
CRITICAL - 2025-12-20 15:33:57 --> CodeIgniter\View\Exceptions\ViewException: Invalid file: "templates/header.php"
[Method: GET, Route: teste]
in SYSTEMPATH\Exceptions\FrameworkException.php on line 39.
 1 SYSTEMPATH\View\View.php(214): CodeIgniter\Exceptions\FrameworkException::forInvalidFile()
 2 SYSTEMPATH\View\View.php(475): CodeIgniter\View\View->render()
 3 APPPATH\Views\layout\layout_base.php(13): CodeIgniter\View\View->include()
 4 SYSTEMPATH\View\View.php(226): include('C:\\Users\\Taremba\\Desktop\\PRO UZ\\leitura-direta\\app\\Views\\layout\\layout_base.php')
 5 SYSTEMPATH\View\View.php(229): CodeIgniter\View\View->CodeIgniter\View\{closure}()
 6 SYSTEMPATH\Common.php(1167): CodeIgniter\View\View->render()
 7 APPPATH\Controllers\Home.php(63): view()
 8 SYSTEMPATH\CodeIgniter.php(933): App\Controllers\Home->teste()
 9 SYSTEMPATH\CodeIgniter.php(507): CodeIgniter\CodeIgniter->runController()
10 SYSTEMPATH\CodeIgniter.php(354): CodeIgniter\CodeIgniter->handleRequest()
11 SYSTEMPATH\Boot.php(363): CodeIgniter\CodeIgniter->run()
12 SYSTEMPATH\Boot.php(68): CodeIgniter\Boot::runCodeIgniter()
13 FCPATH\index.php(59): CodeIgniter\Boot::bootWeb()
14 SYSTEMPATH\rewrite.php(44): require_once('C:\\Users\\Taremba\\Desktop\\PRO UZ\\leitura-direta\\public\\index.php')
CRITICAL - 2025-12-20 15:34:06 --> CodeIgniter\View\Exceptions\ViewException: Invalid file: "header.php"
[Method: GET, Route: teste]
in SYSTEMPATH\Exceptions\FrameworkException.php on line 39.
 1 SYSTEMPATH\View\View.php(214): CodeIgniter\Exceptions\FrameworkException::forInvalidFile()
 2 SYSTEMPATH\View\View.php(475): CodeIgniter\View\View->render()
 3 APPPATH\Views\layout\layout_base.php(13): CodeIgniter\View\View->include()
 4 SYSTEMPATH\View\View.php(226): include('C:\\Users\\Taremba\\Desktop\\PRO UZ\\leitura-direta\\app\\Views\\layout\\layout_base.php')
 5 SYSTEMPATH\View\View.php(229): CodeIgniter\View\View->CodeIgniter\View\{closure}()
 6 SYSTEMPATH\Common.php(1167): CodeIgniter\View\View->render()
 7 APPPATH\Controllers\Home.php(63): view()
 8 SYSTEMPATH\CodeIgniter.php(933): App\Controllers\Home->teste()
 9 SYSTEMPATH\CodeIgniter.php(507): CodeIgniter\CodeIgniter->runController()
10 SYSTEMPATH\CodeIgniter.php(354): CodeIgniter\CodeIgniter->handleRequest()
11 SYSTEMPATH\Boot.php(363): CodeIgniter\CodeIgniter->run()
12 SYSTEMPATH\Boot.php(68): CodeIgniter\Boot::runCodeIgniter()
13 FCPATH\index.php(59): CodeIgniter\Boot::bootWeb()
14 SYSTEMPATH\rewrite.php(44): require_once('C:\\Users\\Taremba\\Desktop\\PRO UZ\\leitura-direta\\public\\index.php')
CRITICAL - 2025-12-20 15:34:14 --> CodeIgniter\View\Exceptions\ViewException: Invalid file: "/header.php"
[Method: GET, Route: teste]
in SYSTEMPATH\Exceptions\FrameworkException.php on line 39.
 1 SYSTEMPATH\View\View.php(214): CodeIgniter\Exceptions\FrameworkException::forInvalidFile()
 2 SYSTEMPATH\View\View.php(475): CodeIgniter\View\View->render()
 3 APPPATH\Views\layout\layout_base.php(13): CodeIgniter\View\View->include()
 4 SYSTEMPATH\View\View.php(226): include('C:\\Users\\Taremba\\Desktop\\PRO UZ\\leitura-direta\\app\\Views\\layout\\layout_base.php')
 5 SYSTEMPATH\View\View.php(229): CodeIgniter\View\View->CodeIgniter\View\{closure}()
 6 SYSTEMPATH\Common.php(1167): CodeIgniter\View\View->render()
 7 APPPATH\Controllers\Home.php(63): view()
 8 SYSTEMPATH\CodeIgniter.php(933): App\Controllers\Home->teste()
 9 SYSTEMPATH\CodeIgniter.php(507): CodeIgniter\CodeIgniter->runController()
10 SYSTEMPATH\CodeIgniter.php(354): CodeIgniter\CodeIgniter->handleRequest()
11 SYSTEMPATH\Boot.php(363): CodeIgniter\CodeIgniter->run()
12 SYSTEMPATH\Boot.php(68): CodeIgniter\Boot::runCodeIgniter()
13 FCPATH\index.php(59): CodeIgniter\Boot::bootWeb()
14 SYSTEMPATH\rewrite.php(44): require_once('C:\\Users\\Taremba\\Desktop\\PRO UZ\\leitura-direta\\public\\index.php')
CRITICAL - 2025-12-20 15:34:47 --> CodeIgniter\View\Exceptions\ViewException: Invalid file: "header.php"
[Method: GET, Route: teste]
in SYSTEMPATH\Exceptions\FrameworkException.php on line 39.
 1 SYSTEMPATH\View\View.php(214): CodeIgniter\Exceptions\FrameworkException::forInvalidFile()
 2 SYSTEMPATH\View\View.php(475): CodeIgniter\View\View->render()
 3 APPPATH\Views\layout\layout_base.php(13): CodeIgniter\View\View->include()
 4 SYSTEMPATH\View\View.php(226): include('C:\\Users\\Taremba\\Desktop\\PRO UZ\\leitura-direta\\app\\Views\\layout\\layout_base.php')
 5 SYSTEMPATH\View\View.php(229): CodeIgniter\View\View->CodeIgniter\View\{closure}()
 6 SYSTEMPATH\Common.php(1167): CodeIgniter\View\View->render()
 7 APPPATH\Controllers\Home.php(63): view()
 8 SYSTEMPATH\CodeIgniter.php(933): App\Controllers\Home->teste()
 9 SYSTEMPATH\CodeIgniter.php(507): CodeIgniter\CodeIgniter->runController()
10 SYSTEMPATH\CodeIgniter.php(354): CodeIgniter\CodeIgniter->handleRequest()
11 SYSTEMPATH\Boot.php(363): CodeIgniter\CodeIgniter->run()
12 SYSTEMPATH\Boot.php(68): CodeIgniter\Boot::runCodeIgniter()
13 FCPATH\index.php(59): CodeIgniter\Boot::bootWeb()
14 SYSTEMPATH\rewrite.php(44): require_once('C:\\Users\\Taremba\\Desktop\\PRO UZ\\leitura-direta\\public\\index.php')
CRITICAL - 2025-12-20 15:35:04 --> CodeIgniter\View\Exceptions\ViewException: Invalid file: "header.php"
[Method: GET, Route: teste]
in SYSTEMPATH\Exceptions\FrameworkException.php on line 39.
 1 SYSTEMPATH\View\View.php(214): CodeIgniter\Exceptions\FrameworkException::forInvalidFile()
 2 SYSTEMPATH\View\View.php(475): CodeIgniter\View\View->render()
 3 APPPATH\Views\layout\layout_base.php(13): CodeIgniter\View\View->include()
 4 SYSTEMPATH\View\View.php(226): include('C:\\Users\\Taremba\\Desktop\\PRO UZ\\leitura-direta\\app\\Views\\layout\\layout_base.php')
 5 SYSTEMPATH\View\View.php(229): CodeIgniter\View\View->CodeIgniter\View\{closure}()
 6 SYSTEMPATH\Common.php(1167): CodeIgniter\View\View->render()
 7 APPPATH\Controllers\Home.php(63): view()
 8 SYSTEMPATH\CodeIgniter.php(933): App\Controllers\Home->teste()
 9 SYSTEMPATH\CodeIgniter.php(507): CodeIgniter\CodeIgniter->runController()
10 SYSTEMPATH\CodeIgniter.php(354): CodeIgniter\CodeIgniter->handleRequest()
11 SYSTEMPATH\Boot.php(363): CodeIgniter\CodeIgniter->run()
12 SYSTEMPATH\Boot.php(68): CodeIgniter\Boot::runCodeIgniter()
13 FCPATH\index.php(59): CodeIgniter\Boot::bootWeb()
14 SYSTEMPATH\rewrite.php(44): require_once('C:\\Users\\Taremba\\Desktop\\PRO UZ\\leitura-direta\\public\\index.php')
CRITICAL - 2025-12-20 15:35:06 --> CodeIgniter\View\Exceptions\ViewException: Invalid file: "header.php"
[Method: GET, Route: teste]
in SYSTEMPATH\Exceptions\FrameworkException.php on line 39.
 1 SYSTEMPATH\View\View.php(214): CodeIgniter\Exceptions\FrameworkException::forInvalidFile()
 2 SYSTEMPATH\View\View.php(475): CodeIgniter\View\View->render()
 3 APPPATH\Views\layout\layout_base.php(13): CodeIgniter\View\View->include()
 4 SYSTEMPATH\View\View.php(226): include('C:\\Users\\Taremba\\Desktop\\PRO UZ\\leitura-direta\\app\\Views\\layout\\layout_base.php')
 5 SYSTEMPATH\View\View.php(229): CodeIgniter\View\View->CodeIgniter\View\{closure}()
 6 SYSTEMPATH\Common.php(1167): CodeIgniter\View\View->render()
 7 APPPATH\Controllers\Home.php(63): view()
 8 SYSTEMPATH\CodeIgniter.php(933): App\Controllers\Home->teste()
 9 SYSTEMPATH\CodeIgniter.php(507): CodeIgniter\CodeIgniter->runController()
10 SYSTEMPATH\CodeIgniter.php(354): CodeIgniter\CodeIgniter->handleRequest()
11 SYSTEMPATH\Boot.php(363): CodeIgniter\CodeIgniter->run()
12 SYSTEMPATH\Boot.php(68): CodeIgniter\Boot::runCodeIgniter()
13 FCPATH\index.php(59): CodeIgniter\Boot::bootWeb()
14 SYSTEMPATH\rewrite.php(44): require_once('C:\\Users\\Taremba\\Desktop\\PRO UZ\\leitura-direta\\public\\index.php')
CRITICAL - 2025-12-20 15:36:02 --> CodeIgniter\View\Exceptions\ViewException: Invalid file: "layout/layout_base.php"
[Method: GET, Route: teste]
in SYSTEMPATH\Exceptions\FrameworkException.php on line 39.
 1 SYSTEMPATH\View\View.php(214): CodeIgniter\Exceptions\FrameworkException::forInvalidFile()
 2 SYSTEMPATH\Common.php(1167): CodeIgniter\View\View->render()
 3 APPPATH\Controllers\Home.php(63): view()
 4 SYSTEMPATH\CodeIgniter.php(933): App\Controllers\Home->teste()
 5 SYSTEMPATH\CodeIgniter.php(507): CodeIgniter\CodeIgniter->runController()
 6 SYSTEMPATH\CodeIgniter.php(354): CodeIgniter\CodeIgniter->handleRequest()
 7 SYSTEMPATH\Boot.php(363): CodeIgniter\CodeIgniter->run()
 8 SYSTEMPATH\Boot.php(68): CodeIgniter\Boot::runCodeIgniter()
 9 FCPATH\index.php(59): CodeIgniter\Boot::bootWeb()
10 SYSTEMPATH\rewrite.php(44): require_once('C:\\Users\\Taremba\\Desktop\\PRO UZ\\leitura-direta\\public\\index.php')
CRITICAL - 2025-12-20 15:36:04 --> CodeIgniter\View\Exceptions\ViewException: Invalid file: "layout/layout_base.php"
[Method: GET, Route: teste]
in SYSTEMPATH\Exceptions\FrameworkException.php on line 39.
 1 SYSTEMPATH\View\View.php(214): CodeIgniter\Exceptions\FrameworkException::forInvalidFile()
 2 SYSTEMPATH\Common.php(1167): CodeIgniter\View\View->render()
 3 APPPATH\Controllers\Home.php(63): view()
 4 SYSTEMPATH\CodeIgniter.php(933): App\Controllers\Home->teste()
 5 SYSTEMPATH\CodeIgniter.php(507): CodeIgniter\CodeIgniter->runController()
 6 SYSTEMPATH\CodeIgniter.php(354): CodeIgniter\CodeIgniter->handleRequest()
 7 SYSTEMPATH\Boot.php(363): CodeIgniter\CodeIgniter->run()
 8 SYSTEMPATH\Boot.php(68): CodeIgniter\Boot::runCodeIgniter()
 9 FCPATH\index.php(59): CodeIgniter\Boot::bootWeb()
10 SYSTEMPATH\rewrite.php(44): require_once('C:\\Users\\Taremba\\Desktop\\PRO UZ\\leitura-direta\\public\\index.php')
CRITICAL - 2025-12-20 15:36:12 --> CodeIgniter\View\Exceptions\ViewException: Invalid file: "layout/layout_base.php"
[Method: GET, Route: teste]
in SYSTEMPATH\Exceptions\FrameworkException.php on line 39.
 1 SYSTEMPATH\View\View.php(214): CodeIgniter\Exceptions\FrameworkException::forInvalidFile()
 2 SYSTEMPATH\Common.php(1167): CodeIgniter\View\View->render()
 3 APPPATH\Controllers\Home.php(63): view()
 4 SYSTEMPATH\CodeIgniter.php(933): App\Controllers\Home->teste()
 5 SYSTEMPATH\CodeIgniter.php(507): CodeIgniter\CodeIgniter->runController()
 6 SYSTEMPATH\CodeIgniter.php(354): CodeIgniter\CodeIgniter->handleRequest()
 7 SYSTEMPATH\Boot.php(363): CodeIgniter\CodeIgniter->run()
 8 SYSTEMPATH\Boot.php(68): CodeIgniter\Boot::runCodeIgniter()
 9 FCPATH\index.php(59): CodeIgniter\Boot::bootWeb()
10 SYSTEMPATH\rewrite.php(44): require_once('C:\\Users\\Taremba\\Desktop\\PRO UZ\\leitura-direta\\public\\index.php')
